0 info it worked if it ends with ok
1 verbose cli [ 'node', '/Users/ebaer/.nvm/v0.10.38/bin/npm', 'publish' ]
2 info using npm@2.11.1
3 info using node@v0.10.38
4 verbose publish [ '.' ]
5 verbose stack Error: Failed to parse json
5 verbose stack Unexpected token '"' at 8:5
5 verbose stack     "code style",
5 verbose stack     ^
5 verbose stack     at parseError (/Users/ebaer/.nvm/v0.10.38/lib/node_modules/npm/node_modules/read-package-json/read-json.js:379:11)
5 verbose stack     at parseJson (/Users/ebaer/.nvm/v0.10.38/lib/node_modules/npm/node_modules/read-package-json/read-json.js:68:23)
5 verbose stack     at /Users/ebaer/.nvm/v0.10.38/lib/node_modules/npm/node_modules/read-package-json/read-json.js:48:5
5 verbose stack     at evalmachine.<anonymous>:272:14
5 verbose stack     at /Users/ebaer/.nvm/v0.10.38/lib/node_modules/npm/node_modules/graceful-fs/graceful-fs.js:102:5
5 verbose stack     at Object.oncomplete (evalmachine.<anonymous>:108:15)
6 verbose cwd /Users/ebaer/dev/open-source/eslint-config-defaults
7 error Darwin 14.3.0
8 error argv "node" "/Users/ebaer/.nvm/v0.10.38/bin/npm" "publish"
9 error node v0.10.38
10 error npm  v2.11.1
11 error file /Users/ebaer/dev/open-source/eslint-config-defaults/package.json
12 error code EJSONPARSE
13 error Failed to parse json
13 error Unexpected token '"' at 8:5
13 error     "code style",
13 error     ^
14 error File: /Users/ebaer/dev/open-source/eslint-config-defaults/package.json
15 error Failed to parse package.json data.
15 error package.json must be actual JSON, not just JavaScript.
15 error
15 error This is not a bug in npm.
15 error Tell the package author to fix their package.json file. JSON.parse
16 verbose exit [ 1, true ]
